cufePal/proguard/seeds.txt
com.brooks.cufer.R$anim: int abc_fade_in
com.brooks.cufer.R$anim: int abc_fade_out
com.brooks.cufer.R$anim: int abc_grow_fade_in_from_bottom
com.brooks.cufer.R$anim: int abc_popup_enter
com.brooks.cufer.R$anim: int abc_popup_exit
com.brooks.cufer.R$anim: int abc_shrink_fade_out_from_bottom
com.brooks.cufer.R$anim: int abc_slide_in_bottom
com.brooks.cufer.R$anim: int abc_slide_in_top
com.brooks.cufer.R$anim: int abc_slide_out_bottom
com.brooks.cufer.R$anim: int abc_slide_out_top
com.brooks.cufer.R$anim: int shake_umeng_socialize_cycle_5
com.brooks.cufer.R$anim: int shake_umeng_socialize_dlg_alpha
com.brooks.cufer.R$anim: int shake_umeng_socialize_dlg_scale
com.brooks.cufer.R$anim: int shake_umeng_socialize_edit_anim
com.brooks.cufer.R$anim: int shake_umeng_socialize_imageview_rotate
com.brooks.cufer.R$anim: int shake_umeng_socialize_scrshot_dlg
com.brooks.cufer.R$anim: int umeng_socialize_fade_in
com.brooks.cufer.R$anim: int umeng_socialize_fade_out
com.brooks.cufer.R$anim: int umeng_socialize_shareboard_animation_in
com.brooks.cufer.R$anim: int umeng_socialize_shareboard_animation_out
com.brooks.cufer.R$anim: int umeng_socialize_slide_in_from_bottom
com.brooks.cufer.R$anim: int umeng_socialize_slide_out_from_bottom
com.brooks.cufer.R$array: int jiaoshileibie
com.brooks.cufer.R$array: int umeng_fb_contact_key_array
com.brooks.cufer.R$array: int umeng_fb_contact_type_array
com.brooks.cufer.R$array: int xiaoqu
com.brooks.cufer.R$attr: int actionBarDivider
com.brooks.cufer.R$attr: int actionBarItemBackground
com.brooks.cufer.R$attr: int actionBarPopupTheme
com.brooks.cufer.R$attr: int actionBarSize
com.brooks.cufer.R$attr: int actionBarSplitStyle
com.brooks.cufer.R$attr: int actionBarStyle
com.brooks.cufer.R$attr: int actionBarTabBarStyle
com.brooks.cufer.R$attr: int actionBarTabStyle
com.brooks.cufer.R$attr: int actionBarTabTextStyle
com.brooks.cufer.R$attr: int actionBarTheme
com.brooks.cufer.R$attr: int actionBarWidgetTheme
com.brooks.cufer.R$attr: int actionButtonStyle
com.brooks.cufer.R$attr: int actionDropDownStyle
com.brooks.cufer.R$attr: int actionLayout
com.brooks.cufer.R$attr: int actionMenuTextAppearance
com.brooks.cufer.R$attr: int actionMenuTextColor
com.brooks.cufer.R$attr: int actionModeBackground
com.brooks.cufer.R$attr: int actionModeCloseButtonStyle
com.brooks.cufer.R$attr: int actionModeCloseDrawable
com.brooks.cufer.R$attr: int actionModeCopyDrawable
com.brooks.cufer.R$attr: int actionModeCutDrawable
com.brooks.cufer.R$attr: int actionModeFindDrawable
com.brooks.cufer.R$attr: int actionModePasteDrawable
com.brooks.cufer.R$attr: int actionModePopupWindowStyle
com.brooks.cufer.R$attr: int actionModeSelectAllDrawable
com.brooks.cufer.R$attr: int actionModeShareDrawable
com.brooks.cufer.R$attr: int actionModeSplitBackground
com.brooks.cufer.R$attr: int actionModeStyle
com.brooks.cufer.R$attr: int actionModeWebSearchDrawable
com.brooks.cufer.R$bool: int abc_action_bar_embed_tabs
com.brooks.cufer.R$bool: int abc_action_bar_embed_tabs_pre_jb
com.brooks.cufer.R$bool: int abc_action_bar_expanded_action_views_exclusive
com.brooks.cufer.R$bool: int abc_config_actionMenuItemAllCaps
com.brooks.cufer.R$bool: int abc_config_allowActionMenuItemTextWithIcon
com.brooks.cufer.R$bool: int abc_config_closeDialogWhenTouchOutside
com.brooks.cufer.R$bool: int abc_config_showMenuShortcutsWhenKeyboardPresent
...
com.umeng.message.tag.TagManager$Result: TagManager$Result(org.json.JSONObject)
com.umeng.scrshot.UMScrShotController
com.umeng.scrshot.UMScrShotController$OnScreenshotListener
com.umeng.scrshot.adapter.UMAdapter
com.umeng.scrshot.adapter.UMAppAdapter
com.umeng.scrshot.adapter.UMBaseAdapter
com.umeng.scrshot.adapter.UMRootedAdapter
com.umeng.scrshot.adapter.UMVideoAdapter
com.umeng.scrshot.impl.UMAppScrShotImpl
com.umeng.scrshot.impl.UMBaseScrShotImpl
com.umeng.scrshot.impl.UMRootedScrShotImpl
com.umeng.scrshot.impl.UMVideoScrShotImpl
com.umeng.socialize.bean.BaseMsg: android.os.Parcelable$Creator CREATOR
com.umeng.socialize.bean.CallbackConfig$ICallbackListener
com.umeng.socialize.bean.Gender: com.umeng.socialize.bean.Gender[] values()
com.umeng.socialize.bean.Gender: com.umeng.socialize.bean.Gender valueOf(java.lang.String)
com.umeng.socialize.bean.LIKESTATUS: com.umeng.socialize.bean.LIKESTATUS[] values()
com.umeng.socialize.bean.LIKESTATUS: com.umeng.socialize.bean.LIKESTATUS valueOf(java.lang.String)
com.umeng.socialize.bean.Language: com.umeng.socialize.bean.Language[] values()
com.umeng.socialize.bean.Language: com.umeng.socialize.bean.Language valueOf(java.lang.String)
com.umeng.socialize.bean.RequestType: com.umeng.socialize.bean.RequestType[] values()
com.umeng.socialize.bean.RequestType: com.umeng.socialize.bean.RequestType valueOf(java.lang.String)
com.umeng.socialize.bean.SHARE_MEDIA: com.umeng.socialize.bean.SHARE_MEDIA[] values()
com.umeng.socialize.bean.SHARE_MEDIA: com.umeng.socialize.bean.SHARE_MEDIA valueOf(java.lang.String)
com.umeng.socialize.bean.ShareType: com.umeng.socialize.bean.ShareType[] values()
com.umeng.socialize.bean.ShareType: com.umeng.socialize.bean.ShareType valueOf(java.lang.String)
com.umeng.socialize.bean.UMComment: android.os.Parcelable$Creator CREATOR
com.umeng.socialize.bean.UMLocation: android.os.Parcelable$Creator CREATOR
com.umeng.socialize.bean.UMShareMsg: android.os.Parcelable$Creator CREATOR
com.umeng.socialize.common.ResContainer$ResType: com.umeng.socialize.common.ResContainer$ResType[] values()
com.umeng.socialize.common.ResContainer$ResType: com.umeng.socialize.common.ResContainer$ResType valueOf(java.lang.String)
com.umeng.socialize.common.SocialResHelper$BindDrawableListener
com.umeng.socialize.common.SocialResHelper$FetchLocale: com.umeng.socialize.common.SocialResHelper$FetchLocale[] values()
com.umeng.socialize.common.SocialResHelper$FetchLocale: com.umeng.socialize.common.SocialResHelper$FetchLocale valueOf(java.lang.String)
com.umeng.socialize.common.SocialResHelper$LoadMode: com.umeng.socialize.common.SocialResHelper$LoadMode[] values()
com.umeng.socialize.common.SocialResHelper$LoadMode: com.umeng.socialize.common.SocialResHelper$LoadMode valueOf(java.lang.String)
com.umeng.socialize.controller.AuthService
com.umeng.socialize.controller.CommentService
com.umeng.socialize.controller.LikeService
com.umeng.socialize.controller.ShareService
com.umeng.socialize.controller.UMSocialService
com.umeng.socialize.controller.UserCenterService
com.umeng.socialize.controller.b$a: com.umeng.socialize.controller.b$a[] values()
com.umeng.socialize.controller.b$a: com.umeng.socialize.controller.b$a valueOf(java.lang.String)
com.umeng.socialize.controller.listener.SocializeListeners$FetchCommetsListener
com.umeng.socialize.controller.listener.SocializeListeners$FetchFriendsListener
com.umeng.socialize.controller.listener.SocializeListeners$FetchUserListener
com.umeng.socialize.controller.listener.SocializeListeners$MulStatusListener
com.umeng.socialize.controller.listener.SocializeListeners$OnSnsPlatformClickListener
com.umeng.socialize.controller.listener.SocializeListeners$SnsPostListener
com.umeng.socialize.controller.listener.SocializeListeners$SocializeClientListener
com.umeng.socialize.controller.listener.SocializeListeners$UMAuthListener
com.umeng.socialize.controller.listener.SocializeListeners$UMDataListener