cufePal/proguard/mapping.txt
com.brooks.cufer.BuildConfig -> com.brooks.cufer.a:
    boolean DEBUG -> a
com.brooks.cufer.R -> com.brooks.cufer.b:
com.brooks.cufer.R$anim -> com.brooks.cufer.b$a:
    int abc_fade_in -> abc_fade_in
    int abc_fade_out -> abc_fade_out
    int abc_grow_fade_in_from_bottom -> abc_grow_fade_in_from_bottom
    int abc_popup_enter -> abc_popup_enter
    int abc_popup_exit -> abc_popup_exit
    int abc_shrink_fade_out_from_bottom -> abc_shrink_fade_out_from_bottom
    int abc_slide_in_bottom -> abc_slide_in_bottom
    int abc_slide_in_top -> abc_slide_in_top
    int abc_slide_out_bottom -> abc_slide_out_bottom
    int abc_slide_out_top -> abc_slide_out_top
    int shake_umeng_socialize_cycle_5 -> shake_umeng_socialize_cycle_5
    int shake_umeng_socialize_dlg_alpha -> shake_umeng_socialize_dlg_alpha
    int shake_umeng_socialize_dlg_scale -> shake_umeng_socialize_dlg_scale
    int shake_umeng_socialize_edit_anim -> shake_umeng_socialize_edit_anim
    int shake_umeng_socialize_imageview_rotate -> shake_umeng_socialize_imageview_rotate
    int shake_umeng_socialize_scrshot_dlg -> shake_umeng_socialize_scrshot_dlg
    int umeng_socialize_fade_in -> umeng_socialize_fade_in
    int umeng_socialize_fade_out -> umeng_socialize_fade_out
    int umeng_socialize_shareboard_animation_in -> umeng_socialize_shareboard_animation_in
    int umeng_socialize_shareboard_animation_out -> umeng_socialize_shareboard_animation_out
    int umeng_socialize_slide_in_from_bottom -> umeng_socialize_slide_in_from_bottom
    int umeng_socialize_slide_out_from_bottom -> umeng_socialize_slide_out_from_bottom
com.brooks.cufer.R$array -> com.brooks.cufer.b$b:
    int jiaoshileibie -> jiaoshileibie
    int umeng_fb_contact_key_array -> umeng_fb_contact_key_array
    int umeng_fb_contact_type_array -> umeng_fb_contact_type_array
    int xiaoqu -> xiaoqu
com.brooks.cufer.R$attr -> com.brooks.cufer.b$c:
    int actionBarDivider -> actionBarDivider
    int actionBarItemBackground -> actionBarItemBackground
    int actionBarPopupTheme -> actionBarPopupTheme
    int actionBarSize -> actionBarSize
    int actionBarSplitStyle -> actionBarSplitStyle
    int actionBarStyle -> actionBarStyle
    int actionBarTabBarStyle -> actionBarTabBarStyle
    int actionBarTabStyle -> actionBarTabStyle
    int actionBarTabTextStyle -> actionBarTabTextStyle
    int actionBarTheme -> actionBarTheme
    int actionBarWidgetTheme -> actionBarWidgetTheme
    int actionButtonStyle -> actionButtonStyle
    int actionDropDownStyle -> actionDropDownStyle
    int actionLayout -> actionLayout
    int actionMenuTextAppearance -> actionMenuTextAppearance
    int actionMenuTextColor -> actionMenuTextColor
    int actionModeBackground -> actionModeBackground
    int actionModeCloseButtonStyle -> actionModeCloseButtonStyle
    int actionModeCloseDrawable -> actionModeCloseDrawable
    int actionModeCopyDrawable -> actionModeCopyDrawable
    int actionModeCutDrawable -> actionModeCutDrawable
    int actionModeFindDrawable -> actionModeFindDrawable
    int actionModePasteDrawable -> actionModePasteDrawable
    int actionModePopupWindowStyle -> actionModePopupWindowStyle
    int actionModeSelectAllDrawable -> actionModeSelectAllDrawable
    int actionModeShareDrawable -> actionModeShareDrawable
    int actionModeSplitBackground -> actionModeSplitBackground
...
android.support.v4.view.accessibility.AccessibilityRecordCompatJellyBean -> android.support.v4.q.a.z:
    28:29:void setSource(java.lang.Object,android.view.View,int) -> a
android.support.v4.view.accessibility.AccessibilityWindowInfoCompat -> android.support.v4.q.a.aa:
    android.support.v4.view.accessibility.AccessibilityWindowInfoCompat$AccessibilityWindowInfoImpl IMPL -> e
    java.lang.Object mInfo -> f
    int UNDEFINED -> g
    int TYPE_APPLICATION -> a
    int TYPE_INPUT_METHOD -> b
    int TYPE_SYSTEM -> c
    int TYPE_ACCESSIBILITY_OVERLAY -> d
    239:242:android.support.v4.view.accessibility.AccessibilityWindowInfoCompat wrapNonNullInstance(java.lang.Object) -> a
    260:260:int getType() -> a
    270:270:int getLayer() -> b
    279:279:android.support.v4.view.accessibility.AccessibilityNodeInfoCompat getRoot() -> c
    288:288:android.support.v4.view.accessibility.AccessibilityWindowInfoCompat getParent() -> d
    297:297:int getId() -> e
    306:307:void getBoundsInScreen(android.graphics.Rect) -> a
    317:317:boolean isActive() -> f
    326:326:boolean isFocused() -> g
    335:335:boolean isAccessibilityFocused() -> h
    344:344:int getChildCount() -> i
    354:354:android.support.v4.view.accessibility.AccessibilityWindowInfoCompat getChild(int) -> a
    364:364:android.support.v4.view.accessibility.AccessibilityWindowInfoCompat obtain() -> j
    376:376:android.support.v4.view.accessibility.AccessibilityWindowInfoCompat obtain(android.support.v4.view.accessibility.AccessibilityWindowInfoCompat) -> a
    388:389:void recycle() -> k
    393:393:int hashCode() -> hashCode
    398:415:boolean equals(java.lang.Object) -> equals
android.support.v4.view.accessibility.AccessibilityWindowInfoCompat$1 -> android.support.v4.q.a.aa$1:
android.support.v4.view.accessibility.AccessibilityWindowInfoCompat$AccessibilityWindowInfoApi21Impl -> android.support.v4.q.a.aa$a:
    119:119:java.lang.Object obtain() -> a
    124:124:java.lang.Object obtain(java.lang.Object) -> a
    129:129:int getType(java.lang.Object) -> b
    134:134:int getLayer(java.lang.Object) -> c
    139:139:java.lang.Object getRoot(java.lang.Object) -> d
    144:144:java.lang.Object getParent(java.lang.Object) -> e
    149:149:int getId(java.lang.Object) -> f
    154:155:void getBoundsInScreen(java.lang.Object,android.graphics.Rect) -> a
    159:159:boolean isActive(java.lang.Object) -> g
    164:164:boolean isFocused(java.lang.Object) -> h
    169:169:boolean isAccessibilityFocused(java.lang.Object) -> i
    174:174:int getChildCount(java.lang.Object) -> j
    179:179:java.lang.Object getChild(java.lang.Object,int) -> a
    184:185:void recycle(java.lang.Object) -> k
android.support.v4.view.accessibility.AccessibilityWindowInfoCompat$AccessibilityWindowInfoImpl -> android.support.v4.q.a.aa$b:
    java.lang.Object obtain() -> a
    java.lang.Object obtain(java.lang.Object) -> a
    int getType(java.lang.Object) -> b
    int getLayer(java.lang.Object) -> c
    java.lang.Object getRoot(java.lang.Object) -> d
    java.lang.Object getParent(java.lang.Object) -> e
    int getId(java.lang.Object) -> f
    void getBoundsInScreen(java.lang.Object,android.graphics.Rect) -> a
    boolean isActive(java.lang.Object) -> g
    boolean isFocused(java.lang.Object) -> h
    boolean isAccessibilityFocused(java.lang.Object) -> i
    int getChildCount(java.lang.Object) -> j
    java.lang.Object getChild(java.lang.Object,int) -> a
    void recycle(java.lang.Object) -> k